<?xml version="1.0" encoding="UTF-8"?>
<testsuite name="MainTest" tests="1" skipped="0" failures="0" errors="0" timestamp="2021-06-11T14:35:54" hostname="DESKTOP-1NCEDL2" time="0.006">
  <properties/>
  <testcase name="true equals true" classname="MainTest" time="0.006"/>
  <system-out><![CDATA[]]></system-out>
  <system-err><![CDATA[]]></system-err>
</testsuite>
